0 info it worked if it ends with ok
1 verbose cli [ 'node',
1 verbose cli   '/usr/local/bin/npm',
1 verbose cli   'install',
1 verbose cli   '--save',
1 verbose cli   'bookself',
1 verbose cli   'knex',
1 verbose cli   'pg',
1 verbose cli   'bluebird' ]
2 info using npm@1.4.25
3 info using node@v0.10.31
4 verbose node symlink /usr/local/bin/node
5 warn package.json bookshelf@1.0.0 No description
6 warn package.json bookshelf@1.0.0 No repository field.
7 warn package.json bookshelf@1.0.0 No README data
8 warn package.json node@0.0.0 No description
9 warn package.json node@0.0.0 No repository field.
10 verbose readDependencies using package.json deps
11 verbose cache add [ 'bookself', null ]
12 verbose cache add name=undefined spec="bookself" args=["bookself",null]
13 verbose parsed url { protocol: null,
13 verbose parsed url   slashes: null,
13 verbose parsed url   auth: null,
13 verbose parsed url   host: null,
13 verbose parsed url   port: null,
13 verbose parsed url   hostname: null,
13 verbose parsed url   hash: null,
13 verbose parsed url   search: null,
13 verbose parsed url   query: null,
13 verbose parsed url   pathname: 'bookself',
13 verbose parsed url   path: 'bookself',
13 verbose parsed url   href: 'bookself' }
14 verbose cache add [ 'knex', null ]
15 verbose cache add name=undefined spec="knex" args=["knex",null]
16 verbose parsed url { protocol: null,
16 verbose parsed url   slashes: null,
16 verbose parsed url   auth: null,
16 verbose parsed url   host: null,
16 verbose parsed url   port: null,
16 verbose parsed url   hostname: null,
16 verbose parsed url   hash: null,
16 verbose parsed url   search: null,
16 verbose parsed url   query: null,
16 verbose parsed url   pathname: 'knex',
16 verbose parsed url   path: 'knex',
16 verbose parsed url   href: 'knex' }
17 verbose cache add [ 'pg', null ]
18 verbose cache add name=undefined spec="pg" args=["pg",null]
19 verbose parsed url { protocol: null,
19 verbose parsed url   slashes: null,
19 verbose parsed url   auth: null,
19 verbose parsed url   host: null,
19 verbose parsed url   port: null,
19 verbose parsed url   hostname: null,
19 verbose parsed url   hash: null,
19 verbose parsed url   search: null,
19 verbose parsed url   query: null,
19 verbose parsed url   pathname: 'pg',
19 verbose parsed url   path: 'pg',
19 verbose parsed url   href: 'pg' }
20 verbose cache add [ 'bluebird', null ]
21 verbose cache add name=undefined spec="bluebird" args=["bluebird",null]
22 verbose parsed url { protocol: null,
22 verbose parsed url   slashes: null,
22 verbose parsed url   auth: null,
22 verbose parsed url   host: null,
22 verbose parsed url   port: null,
22 verbose parsed url   hostname: null,
22 verbose parsed url   hash: null,
22 verbose parsed url   search: null,
22 verbose parsed url   query: null,
22 verbose parsed url   pathname: 'bluebird',
22 verbose parsed url   path: 'bluebird',
22 verbose parsed url   href: 'bluebird' }
23 silly lockFile 866969ed-bookself bookself
24 verbose lock bookself /Users/andreamoulding/.npm/866969ed-bookself.lock
25 silly lockFile ab59b290-knex knex
26 verbose lock knex /Users/andreamoulding/.npm/ab59b290-knex.lock
27 silly lockFile 96dd8d96-pg pg
28 verbose lock pg /Users/andreamoulding/.npm/96dd8d96-pg.lock
29 silly lockFile 51f856fa-bluebird bluebird
30 verbose lock bluebird /Users/andreamoulding/.npm/51f856fa-bluebird.lock
31 silly lockFile 866969ed-bookself bookself
32 silly lockFile 866969ed-bookself bookself
33 silly lockFile ab59b290-knex knex
34 silly lockFile ab59b290-knex knex
35 silly lockFile 96dd8d96-pg pg
36 silly lockFile 96dd8d96-pg pg
37 verbose addNamed [ 'bookself', '' ]
38 verbose addNamed [ null, '*' ]
39 silly lockFile 6987fb55-bookself bookself@
40 verbose lock bookself@ /Users/andreamoulding/.npm/6987fb55-bookself.lock
41 verbose addNamed [ 'knex', '' ]
42 verbose addNamed [ null, '*' ]
43 silly lockFile c7bf951c-knex knex@
44 verbose lock knex@ /Users/andreamoulding/.npm/c7bf951c-knex.lock
45 silly lockFile 51f856fa-bluebird bluebird
46 silly lockFile 51f856fa-bluebird bluebird
47 verbose addNamed [ 'pg', '' ]
48 verbose addNamed [ null, '*' ]
49 silly lockFile 48c85ce3-pg pg@
50 verbose lock pg@ /Users/andreamoulding/.npm/48c85ce3-pg.lock
51 verbose addNamed [ 'bluebird', '' ]
52 verbose addNamed [ null, '*' ]
53 silly lockFile cd4d23b7-bluebird bluebird@
54 verbose lock bluebird@ /Users/andreamoulding/.npm/cd4d23b7-bluebird.lock
55 silly addNameRange { name: 'bookself', range: '*', hasData: false }
56 silly addNameRange { name: 'knex', range: '*', hasData: false }
57 verbose request where is /bookself
58 verbose request registry https://registry.npmjs.org/
59 verbose request id 671c868f021bcca7
60 verbose url raw /bookself
61 verbose url resolving [ 'https://registry.npmjs.org/', './bookself' ]
62 verbose url resolved https://registry.npmjs.org/bookself
63 verbose request where is https://registry.npmjs.org/bookself
64 info trying registry request attempt 1 at 14:19:23
65 http GET https://registry.npmjs.org/bookself
66 silly addNameRange { name: 'pg', range: '*', hasData: false }
67 silly addNameRange { name: 'bluebird', range: '*', hasData: false }
68 verbose request where is /knex
69 verbose request registry https://registry.npmjs.org/
70 verbose url raw /knex
71 verbose url resolving [ 'https://registry.npmjs.org/', './knex' ]
72 verbose url resolved https://registry.npmjs.org/knex
73 verbose request where is https://registry.npmjs.org/knex
74 info trying registry request attempt 1 at 14:19:23
75 verbose etag "C90G5FOSGNMK21LG0GSV24NNY"
76 http GET https://registry.npmjs.org/knex
77 verbose request where is /pg
78 verbose request registry https://registry.npmjs.org/
79 verbose url raw /pg
80 verbose url resolving [ 'https://registry.npmjs.org/', './pg' ]
81 verbose url resolved https://registry.npmjs.org/pg
82 verbose request where is https://registry.npmjs.org/pg
83 info trying registry request attempt 1 at 14:19:23
84 verbose etag "8RFURS0VV85DXC6ECWF96SLY2"
85 http GET https://registry.npmjs.org/pg
86 verbose request where is /bluebird
87 verbose request registry https://registry.npmjs.org/
88 verbose url raw /bluebird
89 verbose url resolving [ 'https://registry.npmjs.org/', './bluebird' ]
90 verbose url resolved https://registry.npmjs.org/bluebird
91 verbose request where is https://registry.npmjs.org/bluebird
92 info trying registry request attempt 1 at 14:19:23
93 verbose etag "4411PEK4R423JX532PF78727B"
94 http GET https://registry.npmjs.org/bluebird
95 http 304 https://registry.npmjs.org/bluebird
96 silly registry.get cb [ 304,
96 silly registry.get   { date: 'Wed, 08 Oct 2014 21:19:23 GMT',
96 silly registry.get     server: 'Apache',
96 silly registry.get     via: '1.1 varnish',
96 silly registry.get     'last-modified': 'Wed, 08 Oct 2014 20:32:50 GMT',
96 silly registry.get     'cache-control': 'max-age=60',
96 silly registry.get     etag: '"4411PEK4R423JX532PF78727B"',
96 silly registry.get     'x-served-by': 'cache-lax1428-LAX',
96 silly registry.get     'x-cache': 'HIT',
96 silly registry.get     'x-cache-hits': '101',
96 silly registry.get     'x-timer': 'S1412803163.291998,VS0,VE0',
96 silly registry.get     vary: 'Accept',
96 silly registry.get     'content-length': '0',
96 silly registry.get     'keep-alive': 'timeout=10, max=50',
96 silly registry.get     connection: 'Keep-Alive' } ]
97 verbose etag https://registry.npmjs.org/bluebird from cache
98 silly addNameRange number 2 { name: 'bluebird', range: '*', hasData: true }
99 silly addNameRange versions [ 'bluebird',
99 silly addNameRange   [ '0.7.1-1',
99 silly addNameRange     '0.7.1-2',
99 silly addNameRange     '0.7.1-3',
99 silly addNameRange     '0.7.1-4',
99 silly addNameRange     '0.7.1-5',
99 silly addNameRange     '0.7.2-0',
99 silly addNameRange     '0.7.3-0',
99 silly addNameRange     '0.7.4-0',
99 silly addNameRange     '0.7.4-1',
99 silly addNameRange     '0.7.5-0',
99 silly addNameRange     '0.7.6-0',
99 silly addNameRange     '0.7.7-0',
99 silly addNameRange     '0.7.7-1',
99 silly addNameRange     '0.7.8-0',
99 silly addNameRange     '0.7.8-1',
99 silly addNameRange     '0.7.9-0',
99 silly addNameRange     '0.7.9-1',
99 silly addNameRange     '0.7.10-0',
99 silly addNameRange     '0.7.10-1',
99 silly addNameRange     '0.7.11-0',
99 silly addNameRange     '0.7.12-0',
99 silly addNameRange     '0.7.12-1',
99 silly addNameRange     '0.7.12-2',
99 silly addNameRange     '0.8.0-0',
99 silly addNameRange     '0.8.0-1',
99 silly addNameRange     '0.8.0-2',
99 silly addNameRange     '0.8.0-3',
99 silly addNameRange     '0.8.1-0',
99 silly addNameRange     '0.8.2-0',
99 silly addNameRange     '0.8.2-1',
99 silly addNameRange     '0.8.2-2',
99 silly addNameRange     '0.8.3-0',
99 silly addNameRange     '0.8.3-1',
99 silly addNameRange     '0.8.3-2',
99 silly addNameRange     '0.8.3-3',
99 silly addNameRange     '0.8.4-0',
99 silly addNameRange     '0.8.4-1',
99 silly addNameRange     '0.8.5-0',
99 silly addNameRange     '0.8.5-1',
99 silly addNameRange     '0.9.0-0',
99 silly addNameRange     '0.9.1-0',
99 silly addNameRange     '0.9.1-1',
99 silly addNameRange     '0.9.2-0',
99 silly addNameRange     '0.9.2-1',
99 silly addNameRange     '0.9.3-0',
99 silly addNameRange     '0.9.4-0',
99 silly addNameRange     '0.9.4-1',
99 silly addNameRange     '0.9.5-0',
99 silly addNameRange     '0.9.6-0',
99 silly addNameRange     '0.9.7-0',
99 silly addNameRange     '0.9.8-0',
99 silly addNameRange     '0.9.9-0',
99 silly addNameRange     '0.9.10-0',
99 silly addNameRange     '0.9.10-1',
99 silly addNameRange     '0.9.11-0',
99 silly addNameRange     '0.9.11-1',
99 silly addNameRange     '0.10.0-0',
99 silly addNameRange     '0.10.0-1',
99 silly addNameRange     '0.10.1-0',
99 silly addNameRange     '0.10.2-0',
99 silly addNameRange     '0.10.2-1',
99 silly addNameRange     '0.10.3-0',
99 silly addNameRange     '0.10.4-0',
99 silly addNameRange     '0.10.4-1',
99 silly addNameRange     '0.10.5-0',
99 silly addNameRange     '0.10.6-0',
99 silly addNameRange     '0.10.7-0',
99 silly addNameRange     '0.10.8-0',
99 silly addNameRange     '0.10.9-0',
99 silly addNameRange     '0.10.9-1',
99 silly addNameRange     '0.10.10-0',
99 silly addNameRange     '0.10.11-0',
99 silly addNameRange     '0.10.11-1',
99 silly addNameRange     '0.10.11-2',
99 silly addNameRange     '0.10.11-4',
99 silly addNameRange     '0.10.12-0',
99 silly addNameRange     '0.10.13-0',
99 silly addNameRange     '0.10.13-1',
99 silly addNameRange     '0.10.14-0',
99 silly addNameRange     '0.11.0-0',
99 silly addNameRange     '0.11.1-0',
99 silly addNameRange     '0.11.2-0',
99 silly addNameRange     '0.11.3-0',
99 silly addNameRange     '0.11.4-0',
99 silly addNameRange     '0.11.4-1',
99 silly addNameRange     '0.11.5-0',
99 silly addNameRange     '0.11.5-1',
99 silly addNameRange     '0.11.6-0',
99 silly addNameRange     '1.0.0',
99 silly addNameRange     '1.0.1',
99 silly addNameRange     '1.0.2',
99 silly addNameRange     '1.0.3',
99 silly addNameRange     '1.0.4',
99 silly addNameRange     '1.0.5',
99 silly addNameRange     '1.0.7',
99 silly addNameRange     '1.0.8',
99 silly addNameRange     '1.1.0',
99 silly addNameRange     '1.1.1',
99 silly addNameRange     '1.2.0',
99 silly addNameRange     '1.2.1',
99 silly addNameRange     '1.2.2',
99 silly addNameRange     '1.2.3',
99 silly addNameRange     '1.2.4',
99 silly addNameRange     '2.0.2',
99 silly addNameRange     '2.0.3',
99 silly addNameRange     '2.0.4',
99 silly addNameRange     '2.0.5',
99 silly addNameRange     '2.0.6',
99 silly addNameRange     '2.0.7',
99 silly addNameRange     '2.1.1',
99 silly addNameRange     '2.1.2',
99 silly addNameRange     '2.1.3',
99 silly addNameRange     '2.2.0',
99 silly addNameRange     '2.2.1',
99 silly addNameRange     '2.2.2',
99 silly addNameRange     '2.3.0',
99 silly addNameRange     '2.3.1',
99 silly addNameRange     '2.3.2',
99 silly addNameRange     '2.3.3',
99 silly addNameRange     '2.3.4',
99 silly addNameRange     '2.3.5',
99 silly addNameRange     '0.11.6' ] ]
100 verbose addNamed [ 'bluebird', '2.3.5' ]
101 verbose addNamed [ '2.3.5', '2.3.5' ]
102 silly lockFile 9215d50f-bluebird-2-3-5 bluebird@2.3.5
103 verbose lock bluebird@2.3.5 /Users/andreamoulding/.npm/9215d50f-bluebird-2-3-5.lock
104 silly lockFile 9215d50f-bluebird-2-3-5 bluebird@2.3.5
105 silly lockFile 9215d50f-bluebird-2-3-5 bluebird@2.3.5
106 silly lockFile cd4d23b7-bluebird bluebird@
107 silly lockFile cd4d23b7-bluebird bluebird@
108 http 404 https://registry.npmjs.org/bookself
109 verbose headers { date: 'Wed, 08 Oct 2014 21:19:23 GMT',
109 verbose headers   server: 'CouchDB/1.5.0 (Erlang OTP/R16B03)',
109 verbose headers   'content-type': 'application/json',
109 verbose headers   'cache-control': 'max-age=0',
109 verbose headers   'content-length': '52',
109 verbose headers   'accept-ranges': 'bytes',
109 verbose headers   via: '1.1 varnish',
109 verbose headers   age: '0',
109 verbose headers   'x-served-by': 'cache-lax1423-LAX',
109 verbose headers   'x-cache': 'MISS',
109 verbose headers   'x-cache-hits': '0',
109 verbose headers   'x-timer': 'S1412803163.294070,VS0,VE83',
109 verbose headers   'keep-alive': 'timeout=10, max=50',
109 verbose headers   connection: 'Keep-Alive' }
110 silly registry.get cb [ 404,
110 silly registry.get   { date: 'Wed, 08 Oct 2014 21:19:23 GMT',
110 silly registry.get     server: 'CouchDB/1.5.0 (Erlang OTP/R16B03)',
110 silly registry.get     'content-type': 'application/json',
110 silly registry.get     'cache-control': 'max-age=0',
110 silly registry.get     'content-length': '52',
110 silly registry.get     'accept-ranges': 'bytes',
110 silly registry.get     via: '1.1 varnish',
110 silly registry.get     age: '0',
110 silly registry.get     'x-served-by': 'cache-lax1423-LAX',
110 silly registry.get     'x-cache': 'MISS',
110 silly registry.get     'x-cache-hits': '0',
110 silly registry.get     'x-timer': 'S1412803163.294070,VS0,VE83',
110 silly registry.get     'keep-alive': 'timeout=10, max=50',
110 silly registry.get     connection: 'Keep-Alive' } ]
111 silly lockFile 6987fb55-bookself bookself@
112 silly lockFile 6987fb55-bookself bookself@
113 error 404 404 Not Found: bookself
113 error 404
113 error 404 'bookself' is not in the npm registry.
113 error 404 You should bug the author to publish it
113 error 404 It was specified as a dependency of 'bookshelf'
113 error 404
113 error 404 Note that you can also install from a
113 error 404 tarball, folder, or http url, or git url.
114 error System Darwin 13.3.0
115 error command "node" "/usr/local/bin/npm" "install" "--save" "bookself" "knex" "pg" "bluebird"
116 error cwd /Users/andreamoulding/Code/bookshelf
117 error node -v v0.10.31
118 error npm -v 1.4.25
119 error code E404
120 verbose exit [ 1, true ]
